<?xml version="1.0" encoding="UTF-8"?>
<!-- Generated by org.testng.reporters.JUnitReportReporter -->
<testsuite hostname="SANKAPPA" failures="0" tests="2" name="Class.TestCase2_Verify_Appointment_Confirmition" time="2.092" errors="0" timestamp="2023-11-27T20:01:33 IST" skipped="0">
  <testcase classname="Class.TestCase2_Verify_Appointment_Confirmition" name="appointment" time="0.698"/>
  <testcase classname="Class.TestCase2_Verify_Appointment_Confirmition" name="logindetails" time="1.394"/>
</testsuite> <!-- Class.TestCase2_Verify_Appointment_Confirmition -->
