<?xml version="1.0" encoding="UTF-8"?>
<!-- Generated by org.testng.reporters.JUnitReportReporter -->
<testsuite hostname="SANKAPPA" failures="0" tests="2" name="Class.TestCase_ScroolUp_WithoutArrow" time="0.224" errors="0" timestamp="2023-11-27T19:45:46 IST" skipped="0">
  <testcase classname="Class.TestCase_ScroolUp_WithoutArrow" name="downscore" time="0.068"/>
  <testcase classname="Class.TestCase_ScroolUp_WithoutArrow" name="scroolup" time="0.156"/>
</testsuite> <!-- Class.TestCase_ScroolUp_WithoutArrow -->
