<?xml version="1.0" encoding="UTF-8"?>
<!-- Generated by org.testng.reporters.JUnitReportReporter -->
<testsuite hostname="SANKAPPA" failures="0" tests="10" name="Class.TestCase11_Medicaid" time="4.550" errors="0" timestamp="2023-11-27T19:46:53 IST" skipped="0">
  <testcase classname="Class.TestCase11_Medicaid" name="appointment" time="0.872"/>
  <testcase classname="Class.TestCase11_Medicaid" name="logindetails" time="1.236"/>
  <testcase classname="Class.TestCase11_Medicaid" name="verifyappointmentword" time="0.638"/>
  <testcase classname="Class.TestCase11_Medicaid" name="seouldropdown" time="0.351"/>
  <testcase classname="Class.TestCase11_Medicaid" name="checkboxclick" time="0.136"/>
  <testcase classname="Class.TestCase11_Medicaid" name="mediacdselect" time="0.121"/>
  <testcase classname="Class.TestCase11_Medicaid" name="selectvisitdate" time="0.296"/>
  <testcase classname="Class.TestCase11_Medicaid" name="comments" time="0.288"/>
  <testcase classname="Class.TestCase11_Medicaid" name="bookappointment" time="0.524"/>
  <testcase classname="Class.TestCase11_Medicaid" name="bookappointmentverify" time="0.088"/>
</testsuite> <!-- Class.TestCase11_Medicaid -->
