<?xml version="1.0" encoding="UTF-8"?>
<!-- Generated by org.testng.reporters.JUnitReportReporter -->
<testsuite hostname="SANKAPPA" failures="0" tests="7" name="Class.TestCase1_LoginPage" time="4.034" errors="0" timestamp="2023-11-27T19:46:18 IST" skipped="0">
  <testcase classname="Class.TestCase1_LoginPage" name="appointment" time="0.750"/>
  <testcase classname="Class.TestCase1_LoginPage" name="logindetails" time="1.415"/>
  <testcase classname="Class.TestCase1_LoginPage" name="verifyappointmentword" time="0.685"/>
  <testcase classname="Class.TestCase1_LoginPage" name="checkboxclick" time="0.154"/>
  <testcase classname="Class.TestCase1_LoginPage" name="selectvisitdate" time="0.311"/>
  <testcase classname="Class.TestCase1_LoginPage" name="comments" time="0.292"/>
  <testcase classname="Class.TestCase1_LoginPage" name="bookappointment" time="0.427"/>
</testsuite> <!-- Class.TestCase1_LoginPage -->
