<?xml version="1.0" encoding="UTF-8"?>
<!-- Generated by org.testng.reporters.JUnitReportReporter -->
<testsuite hostname="SANKAPPA" failures="0" tests="9" name="Class.TestCase6_SeolHealthcare" time="4.663" errors="0" timestamp="2023-11-27T19:48:55 IST" skipped="0">
  <testcase classname="Class.TestCase6_SeolHealthcare" name="appointment" time="0.789"/>
  <testcase classname="Class.TestCase6_SeolHealthcare" name="logindetails" time="1.360"/>
  <testcase classname="Class.TestCase6_SeolHealthcare" name="verifyappointmentword" time="0.700"/>
  <testcase classname="Class.TestCase6_SeolHealthcare" name="seouldropdown" time="0.373"/>
  <testcase classname="Class.TestCase6_SeolHealthcare" name="checkboxclick" time="0.123"/>
  <testcase classname="Class.TestCase6_SeolHealthcare" name="selectvisitdate" time="0.312"/>
  <testcase classname="Class.TestCase6_SeolHealthcare" name="comments" time="0.313"/>
  <testcase classname="Class.TestCase6_SeolHealthcare" name="bookappointment" time="0.580"/>
  <testcase classname="Class.TestCase6_SeolHealthcare" name="bookappointmentverify" time="0.113"/>
</testsuite> <!-- Class.TestCase6_SeolHealthcare -->
