<?xml version="1.0" encoding="UTF-8"?>
<!-- Generated by org.testng.reporters.JUnitReportReporter -->
<testsuite hostname="SANKAPPA" failures="0" tests="9" name="Class.TestCAse4_Profile" time="4.964" errors="0" timestamp="2023-11-27T19:47:54 IST" skipped="0">
  <testcase classname="Class.TestCAse4_Profile" name="appointment" time="0.853"/>
  <testcase classname="Class.TestCAse4_Profile" name="logindetails" time="1.311"/>
  <testcase classname="Class.TestCAse4_Profile" name="verifyappointmentword" time="0.687"/>
  <testcase classname="Class.TestCAse4_Profile" name="checkboxclick" time="0.126"/>
  <testcase classname="Class.TestCAse4_Profile" name="selectvisitdate" time="0.300"/>
  <testcase classname="Class.TestCAse4_Profile" name="comments" time="0.304"/>
  <testcase classname="Class.TestCAse4_Profile" name="bookappointment" time="0.461"/>
  <testcase classname="Class.TestCAse4_Profile" name="bookappointmentverify" time="0.203"/>
  <testcase classname="Class.TestCAse4_Profile" name="viewprofile" time="0.719"/>
</testsuite> <!-- Class.TestCAse4_Profile -->
