<?xml version="1.0" encoding="UTF-8"?>
<!-- Generated by org.testng.reporters.JUnitReportReporter -->
<testsuite hostname="SANKAPPA" failures="0" tests="10" name="Class.TestCase5_Logout" time="5.474" errors="0" timestamp="2023-11-27T19:48:25 IST" skipped="0">
  <testcase classname="Class.TestCase5_Logout" name="appointment" time="0.831"/>
  <testcase classname="Class.TestCase5_Logout" name="logindetails" time="1.518"/>
  <testcase classname="Class.TestCase5_Logout" name="verifyappointmentword" time="0.717"/>
  <testcase classname="Class.TestCase5_Logout" name="checkboxclick" time="0.126"/>
  <testcase classname="Class.TestCase5_Logout" name="selectvisitdate" time="0.286"/>
  <testcase classname="Class.TestCase5_Logout" name="comments" time="0.294"/>
  <testcase classname="Class.TestCase5_Logout" name="bookappointment" time="0.472"/>
  <testcase classname="Class.TestCase5_Logout" name="bookappointmentverify" time="0.203"/>
  <testcase classname="Class.TestCase5_Logout" name="viewverify_Profile" time="0.128"/>
  <testcase classname="Class.TestCase5_Logout" name="logoutuser" time="0.899"/>
</testsuite> <!-- Class.TestCase5_Logout -->
