<?xml version="1.0" encoding="UTF-8"?>
<!-- Generated by org.testng.reporters.JUnitReportReporter -->
<testsuite hostname="SANKAPPA" failures="0" tests="10" name="Class.TestCase3_Verify_Booking_History" time="4.945" errors="0" timestamp="2023-11-27T19:47:23 IST" skipped="0">
  <testcase classname="Class.TestCase3_Verify_Booking_History" name="appointment" time="0.781"/>
  <testcase classname="Class.TestCase3_Verify_Booking_History" name="logindetails" time="1.330"/>
  <testcase classname="Class.TestCase3_Verify_Booking_History" name="verifyappointmentword" time="0.631"/>
  <testcase classname="Class.TestCase3_Verify_Booking_History" name="checkboxclick" time="0.121"/>
  <testcase classname="Class.TestCase3_Verify_Booking_History" name="selectvisitdate" time="0.316"/>
  <testcase classname="Class.TestCase3_Verify_Booking_History" name="comments" time="0.296"/>
  <testcase classname="Class.TestCase3_Verify_Booking_History" name="bookappointment" time="0.452"/>
  <testcase classname="Class.TestCase3_Verify_Booking_History" name="bookappointmentverify" time="0.207"/>
  <testcase classname="Class.TestCase3_Verify_Booking_History" name="historydetails" time="0.722"/>
  <testcase classname="Class.TestCase3_Verify_Booking_History" name="verifyfacilitiesvisible" time="0.089"/>
</testsuite> <!-- Class.TestCase3_Verify_Booking_History -->
