<?xml version="1.0" encoding="UTF-8"?>
<!-- Generated by org.testng.reporters.JUnitReportReporter -->
<testsuite hostname="SANKAPPA" failures="0" tests="1" name="Class.TestCase8_Scrolldown" time="0.064" errors="0" timestamp="2023-11-26T20:07:51 IST" skipped="0">
  <testcase classname="Class.TestCase8_Scrolldown" name="downscore" time="0.064"/>
</testsuite> <!-- Class.TestCase8_Scrolldown -->
