<?xml version="1.0" encoding="UTF-8"?>
<!-- Generated by org.testng.reporters.JUnitReportReporter -->
<testsuite hostname="SANKAPPA" failures="0" tests="2" name="Class.TestCase9_ScroolUp_Using_Arrow" time="0.447" errors="0" timestamp="2023-11-27T19:58:18 IST" skipped="0">
  <testcase classname="Class.TestCase9_ScroolUp_Using_Arrow" name="downscore" time="0.092"/>
  <testcase classname="Class.TestCase9_ScroolUp_Using_Arrow" name="scroolup" time="0.355"/>
</testsuite> <!-- Class.TestCase9_ScroolUp_Using_Arrow -->
